<?xml version="1.0" encoding="UTF-8"?>
<!-- Generated by org.testng.reporters.JUnitReportReporter -->
<testsuite skipped="0" hostname="Prakat-D-002" name="com.prakat.Exide.TestScripts.ProposalFormYearly" tests="1" failures="0" timestamp="26 Jun 2019 09:52:26 GMT" time="0.817" errors="1">
  <testcase name="ProductDetails" time="0.817" classname="com.prakat.Exide.TestScripts.ProposalFormYearly">
    <error type="org.testng.internal.reflect.MethodMatcherException" message="
Data provider mismatch
Method: ProductDetails([Parameter{index=0, type=java.lang.String, declaredAnnotations=[]}, Parameter{index=1, type=java.lang.String, declaredAnnotations=[]}, Parameter{index=2, type=java.lang.String, declaredAnnotations=[]}, Parameter{index=3, type=java.lang.String, declaredAnnotations=[]}, Parameter{index=4, type=java.lang.String, declaredAnnotations=[]}, Parameter{index=5, type=java.lang.String, declaredAnnotations=[]}, Parameter{index=6, type=java.lang.String, declaredAnnotations=[]}, Parameter{index=7, type=java.lang.String, declaredAnnotations=[]}, Parameter{index=8, type=java.lang.String, declaredAnnotations=[]}, Parameter{index=9, type=java.lang.String, declaredAnnotations=[]}, Parameter{index=10, type=java.lang.String, declaredAnnotations=[]}, Parameter{index=11, type=java.lang.String, declaredAnnotations=[]}, Parameter{index=12, type=java.lang.String, declaredAnnotations=[]}, Parameter{index=13, type=java.lang.String, declaredAnnotations=[]}, Parameter{index=14, type=java.lang.String, declaredAnnotations=[]}, Parameter{index=15, type=java.lang.String, declaredAnnotations=[]}, Parameter{index=16, type=java.lang.String, declaredAnnotations=[]}, Parameter{index=17, type=java.lang.String, declaredAnnotations=[]}, Parameter{index=18, type=java.lang.String, declaredAnnotations=[]}, Parameter{index=19, type=java.lang.String, declaredAnnotations=[]}, Parameter{index=20, type=java.lang.String, declaredAnnotations=[]}, Parameter{index=21, type=java.lang.String, declaredAnnotations=[]}, Parameter{index=22, type=java.lang.String, declaredAnnotations=[]}, Parameter{index=23, type=java.lang.String, declaredAnnotations=[]}, Parameter{index=24, type=java.lang.String, declaredAnnotations=[]}, Parameter{index=25, type=java.lang.String, declaredAnnotations=[]}, Parameter{index=26, type=java.lang.String, declaredAnnotations=[]}, Parameter{index=27, type=java.lang.String, declaredAnnotations=[]}, Parameter{index=28, type=java.lang.String, declaredAnnotations=[]}, Parameter{index=29, type=java.lang.String, declaredAnnotations=[]}, Parameter{index=30, type=java.lang.String, declaredAnnotations=[]}, Parameter{index=31, type=java.lang.String, declaredAnnotations=[]}, Parameter{index=32, type=java.lang.String, declaredAnnotations=[]}, Parameter{index=33, type=java.lang.String, declaredAnnotations=[]}, Parameter{index=34, type=java.lang.String, declaredAnnotations=[]}, Parameter{index=35, type=java.lang.String, declaredAnnotations=[]}, Parameter{index=36, type=java.lang.String, declaredAnnotations=[]}, Parameter{index=37, type=java.lang.String, declaredAnnotations=[]}, Parameter{index=38, type=java.lang.String, declaredAnnotations=[]}, Parameter{index=39, type=java.lang.String, declaredAnnotations=[]}, Parameter{index=40, type=java.lang.String, declaredAnnotations=[]}, Parameter{index=41, type=java.lang.String, declaredAnnotations=[]}, Parameter{index=42, type=java.lang.String, declaredAnnotations=[]}, Parameter{index=43, type=java.lang.String, declaredAnnotations=[]}, Parameter{index=44, type=java.lang.String, declaredAnnotations=[]}, Parameter{index=45, type=java.lang.String, declaredAnnotations=[]}, Parameter{index=46, type=java.lang.String, declaredAnnotations=[]}, Parameter{index=47, type=java.lang.String, declaredAnnotations=[]}, Parameter{index=48, type=java.lang.String, declaredAnnotations=[]}, Parameter{index=49, type=java.lang.String, declaredAnnotations=[]}, Parameter{index=50, type=java.lang.String, declaredAnnotations=[]}, Parameter{index=51, type=java.lang.String, declaredAnnotations=[]}, Parameter{index=52, type=java.lang.String, declaredAnnotations=[]}, Parameter{index=53, type=java.lang.String, declaredAnnotations=[]}, Parameter{index=54, type=java.lang.String, declaredAnnotations=[]}, Parameter{index=55, type=java.lang.String, declaredAnnotations=[]}, Parameter{index=56, type=java.lang.String, declaredAnnotations=[]}, Parameter{index=57, type=java.lang.String, declaredAnnotations=[]}, Parameter{index=58, type=java.lang.String, declaredAnnotations=[]}, Parameter{index=59, type=java.lang.String, declaredAnnotations=[]}, Parameter{index=60, type=java.lang.String, declaredAnnotations=[]}, Parameter{index=61, type=java.lang.String, declaredAnnotations=[]}, Parameter{index=62, type=java.lang.String, declaredAnnotations=[]}, Parameter{index=63, type=java.lang.String, declaredAnnotations=[]}, Parameter{index=64, type=java.lang.String, declaredAnnotations=[]}, Parameter{index=65, type=java.lang.String, declaredAnnotations=[]}, Parameter{index=66, type=java.lang.String, declaredAnnotations=[]}, Parameter{index=67, type=java.lang.String, declaredAnnotations=[]}, Parameter{index=68, type=java.lang.String, declaredAnnotations=[]}, Parameter{index=69, type=java.lang.String, declaredAnnotations=[]}, Parameter{index=70, type=java.lang.String, declaredAnnotations=[]}, Parameter{index=71, type=java.lang.String, declaredAnnotations=[]}, Parameter{index=72, type=java.lang.String, declaredAnnotations=[]}, Parameter{index=73, type=java.lang.String, declaredAnnotations=[]}, Parameter{index=74, type=java.lang.String, declaredAnnotations=[]}, Parameter{index=75, type=java.lang.String, declaredAnnotations=[]}, Parameter{index=76, type=java.lang.String, declaredAnnotations=[]}, Parameter{index=77, type=java.lang.String, declaredAnnotations=[]}, Parameter{index=78, type=java.lang.String, declaredAnnotations=[]}, Parameter{index=79, type=java.lang.String, declaredAnnotations=[]}, Parameter{index=80, type=java.lang.String, declaredAnnotations=[]}, Parameter{index=81, type=java.lang.String, declaredAnnotations=[]}, Parameter{index=82, type=java.lang.String, declaredAnnotations=[]}, Parameter{index=83, type=java.lang.String, declaredAnnotations=[]}, Parameter{index=84, type=java.lang.String, declaredAnnotations=[]}, Parameter{index=85, type=java.lang.String, declaredAnnotations=[]}, Parameter{index=86, type=java.lang.String, declaredAnnotations=[]}, Parameter{index=87, type=java.lang.String, declaredAnnotations=[]}, Parameter{index=88, type=java.lang.String, declaredAnnotations=[]}])
Arguments: [(java.lang.String) T20-Exide Life Smart Term - Classic RP,(java.lang.String) LN000003,(java.lang.String) 60000086,(java.lang.String) 1111111111111,(java.lang.String) Self,(java.lang.String) 1,(java.lang.String) 7,(java.lang.String) 1992,(java.lang.String) Mr,(java.lang.String) 10th std Admit card with DOB,(java.lang.String) Aarav,(java.lang.String) A,(java.lang.String) B,(java.lang.String) Voters ID,(java.lang.String) 1,(java.lang.String) Graduate,(java.lang.String) Single,(java.lang.String) Anil,(java.lang.String) A,(java.lang.String) B,(java.lang.String) Resident Indian National,(java.lang.String) Bangalore,(java.lang.String) kormangala,(java.lang.String) Adugodi,(java.lang.String) Near Forum,(java.lang.String) 560066,(java.lang.String) Aadhaar Card,(java.lang.String) 9740234356,(java.lang.String) vanitha.cv@prakat.in,(java.lang.String) English,(java.lang.String) Salaried - MNC,(java.lang.String) Accountant,(java.lang.String) Accountant,(java.lang.String) ABB Limited,(java.lang.String) 100000,(java.lang.String) 50000,(java.lang.String) Accountant,(java.lang.String) 23,(java.lang.String) 5,(java.lang.String) 1974,(java.lang.String) Father,(java.lang.String) Married,(java.lang.String) 100,(java.lang.String) 700000,(java.lang.String) 25,(java.lang.String) Monthly,(java.lang.String) 20,(java.lang.String) 4,(java.lang.String) 2019,(java.lang.String) Non-Medical,(java.lang.String) 123456789,(java.lang.String) 123456789,(java.lang.String) Current,(java.lang.String) D,(java.lang.String) HDFC0002019,(java.lang.String) 01,(java.lang.String) 60000,(java.lang.String) Testing,(java.lang.String) Half Yearly,(java.lang.String) Srk,(java.lang.String) Credit Card - Matercard,(java.lang.String) 1.23456789E8,(java.lang.String) 07,(java.lang.String) 2019.0,(java.lang.String) HDFC BANK,(java.lang.String) 170,(java.lang.String) 50,(java.lang.String) Cash,(java.lang.String) HDFC Bank,(java.lang.String) 3392,(java.lang.String) Salary Slip,(java.lang.String) 2018 - 19,(java.lang.String) 2000,(java.lang.String) Non Smoker,(java.lang.String) Cheque,(java.lang.String) HDFC Bank,(java.lang.String) 123456.0,(java.lang.String) 2000.0,(java.lang.String) 19,(java.lang.String) 06,(java.lang.String) 2019.0,(java.lang.String) HDFC BANK LTD,(java.lang.String) Kondapur,(java.lang.String) 123456789,(java.lang.String) 123456789,(java.lang.String) kunal,(java.lang.String) Local]">
      <![CDATA[org.testng.internal.reflect.MethodMatcherException: 
Data provider mismatch
Method: ProductDetails([Parameter{index=0, type=java.lang.String, declaredAnnotations=[]}, Parameter{index=1, type=java.lang.String, declaredAnnotations=[]}, Parameter{index=2, type=java.lang.String, declaredAnnotations=[]}, Parameter{index=3, type=java.lang.String, declaredAnnotations=[]}, Parameter{index=4, type=java.lang.String, declaredAnnotations=[]}, Parameter{index=5, type=java.lang.String, declaredAnnotations=[]}, Parameter{index=6, type=java.lang.String, declaredAnnotations=[]}, Parameter{index=7, type=java.lang.String, declaredAnnotations=[]}, Parameter{index=8, type=java.lang.String, declaredAnnotations=[]}, Parameter{index=9, type=java.lang.String, declaredAnnotations=[]}, Parameter{index=10, type=java.lang.String, declaredAnnotations=[]}, Parameter{index=11, type=java.lang.String, declaredAnnotations=[]}, Parameter{index=12, type=java.lang.String, declaredAnnotations=[]}, Parameter{index=13, type=java.lang.String, declaredAnnotations=[]}, Parameter{index=14, type=java.lang.String, declaredAnnotations=[]}, Parameter{index=15, type=java.lang.String, declaredAnnotations=[]}, Parameter{index=16, type=java.lang.String, declaredAnnotations=[]}, Parameter{index=17, type=java.lang.String, declaredAnnotations=[]}, Parameter{index=18, type=java.lang.String, declaredAnnotations=[]}, Parameter{index=19, type=java.lang.String, declaredAnnotations=[]}, Parameter{index=20, type=java.lang.String, declaredAnnotations=[]}, Parameter{index=21, type=java.lang.String, declaredAnnotations=[]}, Parameter{index=22, type=java.lang.String, declaredAnnotations=[]}, Parameter{index=23, type=java.lang.String, declaredAnnotations=[]}, Parameter{index=24, type=java.lang.String, declaredAnnotations=[]}, Parameter{index=25, type=java.lang.String, declaredAnnotations=[]}, Parameter{index=26, type=java.lang.String, declaredAnnotations=[]}, Parameter{index=27, type=java.lang.String, declaredAnnotations=[]}, Parameter{index=28, type=java.lang.String, declaredAnnotations=[]}, Parameter{index=29, type=java.lang.String, declaredAnnotations=[]}, Parameter{index=30, type=java.lang.String, declaredAnnotations=[]}, Parameter{index=31, type=java.lang.String, declaredAnnotations=[]}, Parameter{index=32, type=java.lang.String, declaredAnnotations=[]}, Parameter{index=33, type=java.lang.String, declaredAnnotations=[]}, Parameter{index=34, type=java.lang.String, declaredAnnotations=[]}, Parameter{index=35, type=java.lang.String, declaredAnnotations=[]}, Parameter{index=36, type=java.lang.String, declaredAnnotations=[]}, Parameter{index=37, type=java.lang.String, declaredAnnotations=[]}, Parameter{index=38, type=java.lang.String, declaredAnnotations=[]}, Parameter{index=39, type=java.lang.String, declaredAnnotations=[]}, Parameter{index=40, type=java.lang.String, declaredAnnotations=[]}, Parameter{index=41, type=java.lang.String, declaredAnnotations=[]}, Parameter{index=42, type=java.lang.String, declaredAnnotations=[]}, Parameter{index=43, type=java.lang.String, declaredAnnotations=[]}, Parameter{index=44, type=java.lang.String, declaredAnnotations=[]}, Parameter{index=45, type=java.lang.String, declaredAnnotations=[]}, Parameter{index=46, type=java.lang.String, declaredAnnotations=[]}, Parameter{index=47, type=java.lang.String, declaredAnnotations=[]}, Parameter{index=48, type=java.lang.String, declaredAnnotations=[]}, Parameter{index=49, type=java.lang.String, declaredAnnotations=[]}, Parameter{index=50, type=java.lang.String, declaredAnnotations=[]}, Parameter{index=51, type=java.lang.String, declaredAnnotations=[]}, Parameter{index=52, type=java.lang.String, declaredAnnotations=[]}, Parameter{index=53, type=java.lang.String, declaredAnnotations=[]}, Parameter{index=54, type=java.lang.String, declaredAnnotations=[]}, Parameter{index=55, type=java.lang.String, declaredAnnotations=[]}, Parameter{index=56, type=java.lang.String, declaredAnnotations=[]}, Parameter{index=57, type=java.lang.String, declaredAnnotations=[]}, Parameter{index=58, type=java.lang.String, declaredAnnotations=[]}, Parameter{index=59, type=java.lang.String, declaredAnnotations=[]}, Parameter{index=60, type=java.lang.String, declaredAnnotations=[]}, Parameter{index=61, type=java.lang.String, declaredAnnotations=[]}, Parameter{index=62, type=java.lang.String, declaredAnnotations=[]}, Parameter{index=63, type=java.lang.String, declaredAnnotations=[]}, Parameter{index=64, type=java.lang.String, declaredAnnotations=[]}, Parameter{index=65, type=java.lang.String, declaredAnnotations=[]}, Parameter{index=66, type=java.lang.String, declaredAnnotations=[]}, Parameter{index=67, type=java.lang.String, declaredAnnotations=[]}, Parameter{index=68, type=java.lang.String, declaredAnnotations=[]}, Parameter{index=69, type=java.lang.String, declaredAnnotations=[]}, Parameter{index=70, type=java.lang.String, declaredAnnotations=[]}, Parameter{index=71, type=java.lang.String, declaredAnnotations=[]}, Parameter{index=72, type=java.lang.String, declaredAnnotations=[]}, Parameter{index=73, type=java.lang.String, declaredAnnotations=[]}, Parameter{index=74, type=java.lang.String, declaredAnnotations=[]}, Parameter{index=75, type=java.lang.String, declaredAnnotations=[]}, Parameter{index=76, type=java.lang.String, declaredAnnotations=[]}, Parameter{index=77, type=java.lang.String, declaredAnnotations=[]}, Parameter{index=78, type=java.lang.String, declaredAnnotations=[]}, Parameter{index=79, type=java.lang.String, declaredAnnotations=[]}, Parameter{index=80, type=java.lang.String, declaredAnnotations=[]}, Parameter{index=81, type=java.lang.String, declaredAnnotations=[]}, Parameter{index=82, type=java.lang.String, declaredAnnotations=[]}, Parameter{index=83, type=java.lang.String, declaredAnnotations=[]}, Parameter{index=84, type=java.lang.String, declaredAnnotations=[]}, Parameter{index=85, type=java.lang.String, declaredAnnotations=[]}, Parameter{index=86, type=java.lang.String, declaredAnnotations=[]}, Parameter{index=87, type=java.lang.String, declaredAnnotations=[]}, Parameter{index=88, type=java.lang.String, declaredAnnotations=[]}])
Arguments: [(java.lang.String) T20-Exide Life Smart Term - Classic RP,(java.lang.String) LN000003,(java.lang.String) 60000086,(java.lang.String) 1111111111111,(java.lang.String) Self,(java.lang.String) 1,(java.lang.String) 7,(java.lang.String) 1992,(java.lang.String) Mr,(java.lang.String) 10th std Admit card with DOB,(java.lang.String) Aarav,(java.lang.String) A,(java.lang.String) B,(java.lang.String) Voters ID,(java.lang.String) 1,(java.lang.String) Graduate,(java.lang.String) Single,(java.lang.String) Anil,(java.lang.String) A,(java.lang.String) B,(java.lang.String) Resident Indian National,(java.lang.String) Bangalore,(java.lang.String) kormangala,(java.lang.String) Adugodi,(java.lang.String) Near Forum,(java.lang.String) 560066,(java.lang.String) Aadhaar Card,(java.lang.String) 9740234356,(java.lang.String) vanitha.cv@prakat.in,(java.lang.String) English,(java.lang.String) Salaried - MNC,(java.lang.String) Accountant,(java.lang.String) Accountant,(java.lang.String) ABB Limited,(java.lang.String) 100000,(java.lang.String) 50000,(java.lang.String) Accountant,(java.lang.String) 23,(java.lang.String) 5,(java.lang.String) 1974,(java.lang.String) Father,(java.lang.String) Married,(java.lang.String) 100,(java.lang.String) 700000,(java.lang.String) 25,(java.lang.String) Monthly,(java.lang.String) 20,(java.lang.String) 4,(java.lang.String) 2019,(java.lang.String) Non-Medical,(java.lang.String) 123456789,(java.lang.String) 123456789,(java.lang.String) Current,(java.lang.String) D,(java.lang.String) HDFC0002019,(java.lang.String) 01,(java.lang.String) 60000,(java.lang.String) Testing,(java.lang.String) Half Yearly,(java.lang.String) Srk,(java.lang.String) Credit Card - Matercard,(java.lang.String) 1.23456789E8,(java.lang.String) 07,(java.lang.String) 2019.0,(java.lang.String) HDFC BANK,(java.lang.String) 170,(java.lang.String) 50,(java.lang.String) Cash,(java.lang.String) HDFC Bank,(java.lang.String) 3392,(java.lang.String) Salary Slip,(java.lang.String) 2018 - 19,(java.lang.String) 2000,(java.lang.String) Non Smoker,(java.lang.String) Cheque,(java.lang.String) HDFC Bank,(java.lang.String) 123456.0,(java.lang.String) 2000.0,(java.lang.String) 19,(java.lang.String) 06,(java.lang.String) 2019.0,(java.lang.String) HDFC BANK LTD,(java.lang.String) Kondapur,(java.lang.String) 123456789,(java.lang.String) 123456789,(java.lang.String) kunal,(java.lang.String) Local]
at org.testng.internal.reflect.DataProviderMethodMatcher.getConformingArguments(DataProviderMethodMatcher.java:45)
at org.testng.internal.Parameters.injectParameters(Parameters.java:796)
at org.testng.internal.Invoker.invokeTestMethods(Invoker.java:983)
at org.testng.internal.TestMethodWorker.invokeTestMethods(TestMethodWorker.java:125)
at org.testng.internal.TestMethodWorker.run(TestMethodWorker.java:109)
at org.testng.TestRunner.privateRun(TestRunner.java:648)
at org.testng.TestRunner.run(TestRunner.java:505)
at org.testng.SuiteRunner.runTest(SuiteRunner.java:455)
at org.testng.SuiteRunner.runSequentially(SuiteRunner.java:450)
at org.testng.SuiteRunner.privateRun(SuiteRunner.java:415)
at org.testng.SuiteRunner.run(SuiteRunner.java:364)
at org.testng.SuiteRunnerWorker.runSuite(SuiteRunnerWorker.java:52)
at org.testng.SuiteRunnerWorker.run(SuiteRunnerWorker.java:84)
at org.testng.TestNG.runSuitesSequentially(TestNG.java:1208)
at org.testng.TestNG.runSuitesLocally(TestNG.java:1137)
at org.testng.TestNG.runSuites(TestNG.java:1049)
at org.testng.TestNG.run(TestNG.java:1017)
at org.testng.remote.AbstractRemoteTestNG.run(AbstractRemoteTestNG.java:114)
at org.testng.remote.RemoteTestNG.initAndRun(RemoteTestNG.java:251)
at org.testng.remote.RemoteTestNG.main(RemoteTestNG.java:77)
]]>
    </error>
  </testcase> <!-- ProductDetails -->
</testsuite> <!-- com.prakat.Exide.TestScripts.ProposalFormYearly -->
