<?xml version="1.0" encoding="UTF-8"?>
<!-- Generated by org.testng.reporters.JUnitReportReporter -->
<testsuite skipped="0" hostname="Prakat-L-064" name="com.prakat.Exide.TestScripts.PFHalfYearly" tests="1" failures="0" timestamp="23 Jul 2019 06:25:02 GMT" time="160.207" errors="0">
  <testcase name="ProductDetails" time="160.207" classname="com.prakat.Exide.TestScripts.PFHalfYearly"/>
</testsuite> <!-- com.prakat.Exide.TestScripts.PFHalfYearly -->
