<?xml version="1.0" encoding="UTF-8"?>
<!-- Generated by org.testng.reporters.JUnitReportReporter -->
<testsuite skipped="1" hostname="Prakat-D-002" name="com.prakat.Exide.TestScripts.ProposalHalfYearly" tests="1" failures="0" timestamp="26 Jun 2019 10:40:01 GMT" time="0.000" errors="0">
  <testcase name="ProductDetails" time="0.000" classname="com.prakat.Exide.TestScripts.ProposalHalfYearly">
    <skipped/>
  </testcase> <!-- ProductDetails -->
</testsuite> <!-- com.prakat.Exide.TestScripts.ProposalHalfYearly -->
