<?xml version="1.0" encoding="UTF-8"?>
<!-- Generated by org.testng.reporters.JUnitReportReporter -->
<testsuite skipped="0" hostname="Prakat-D-002" name="com.prakat.Exide.TestScripts.ExideLogin" tests="1" failures="0" timestamp="22 Jul 2019 11:11:21 GMT" time="1.394" errors="0">
  <testcase name="LoginToExide" time="1.394" classname="com.prakat.Exide.TestScripts.ExideLogin"/>
</testsuite> <!-- com.prakat.Exide.TestScripts.ExideLogin -->
